<?xml version="1.0" encoding="UTF-8"?>
<!-- Generated by org.testng.reporters.JUnitReportReporter -->
<testsuite hostname="DESKTOP-NB17RKO" failures="0" tests="1" name="com.jala.qa.parentLayer.TestBase" time="12.901" errors="0" timestamp="2025-01-24T20:09:47 IST" skipped="0">
  <testcase classname="com.jala.qa.parentLayer.TestBase" name="intilization" time="12.901"/>
</testsuite> <!-- com.jala.qa.parentLayer.TestBase -->
