<?xml version="1.0" encoding="UTF-8"?>
<!-- Generated by org.testng.reporters.JUnitReportReporter -->
<testsuite hostname="DESKTOP-NB17RKO" failures="0" tests="1" name="com.jala.qa.Utility.Utility" time="4.643" errors="0" timestamp="2025-02-04T19:07:14 IST" skipped="0">
  <testcase classname="com.jala.qa.Utility.Utility" name="getData" time="4.643"/>
</testsuite> <!-- com.jala.qa.Utility.Utility -->
