<?xml version="1.0" encoding="UTF-8"?>
<!-- Generated by org.testng.reporters.JUnitReportReporter -->
<testsuite hostname="DESKTOP-NB17RKO" failures="0" tests="1" name="com.jala.qa.TestLayer.HomeTestPage" time="30.048" errors="0" timestamp="2025-01-28T20:28:19 IST" skipped="0">
  <testcase classname="com.jala.qa.TestLayer.HomeTestPage" name="validateHomePage" time="30.048"/>
</testsuite> <!-- com.jala.qa.TestLayer.HomeTestPage -->
