<?xml version="1.0" encoding="UTF-8"?>
<!-- Generated by org.testng.reporters.JUnitReportReporter -->
<testsuite hostname="DESKTOP-NB17RKO" failures="0" tests="1" name="com.jala.qa.parentLayer.TestBase" time="12.057" errors="0" timestamp="2025-02-03T19:25:53 IST" skipped="0">
  <testcase classname="com.jala.qa.parentLayer.TestBase" name="intilization" time="12.057"/>
</testsuite> <!-- com.jala.qa.parentLayer.TestBase -->
