<?xml version="1.0" encoding="UTF-8"?>
<!-- Generated by org.testng.reporters.JUnitReportReporter -->
<testsuite hostname="DESKTOP-NB17RKO" failures="0" tests="1" name="com.jala.qa.TestLayer.LoginTestPage" time="13.206" errors="0" timestamp="2025-01-28T20:05:39 IST" skipped="0">
  <testcase classname="com.jala.qa.TestLayer.LoginTestPage" name="validateLoginpage" time="13.206">
    <system-out>
      <![CDATA[Home Page url matched successfully...]]>
    </system-out>
  </testcase> <!-- validateLoginpage -->
  <system-out>
    <![CDATA[Home Page url matched successfully...]]>
  </system-out>
</testsuite> <!-- com.jala.qa.TestLayer.LoginTestPage -->
